This file logs every player that disconnected during combat
You can disable the logging in the config file

[2022/07/14 20:22:14] sudokou tried to escape combat!
[2022/07/16 18:57:45] Wolftifact tried to escape combat!
[2022/07/17 21:41:43] phoxify tried to escape combat!
[2022/07/17 21:41:50] sudokou tried to escape combat!
[2022/07/17 21:42:03] sudokou tried to escape combat!
[2022/07/17 21:44:12] sudokou tried to escape combat!
[2022/07/17 22:36:45] illidan10 tried to escape combat!
[2022/07/20 00:25:43] BladeMasters tried to escape combat!
[2022/07/24 04:16:26] rryle tried to escape combat!
[2022/07/26 23:49:39] quesoxx tried to escape combat!
[2022/08/04 15:46:57] _foxicraft tried to escape combat!
[2022/08/07 15:43:03] Bronziland18 tried to escape combat!
[2022/08/07 18:18:40] SwatLeader_80 tried to escape combat!
[2022/08/08 15:28:26] phoxify tried to escape combat!
[2022/08/13 15:15:43] robotic_ramen100 tried to escape combat!
[2022/08/19 00:00:39] ThE_bEaR2 tried to escape combat!
[2022/08/20 22:03:12] *FunnyCake16087 tried to escape combat!
[2022/08/20 22:38:54] ThE_bEaR2 tried to escape combat!
[2022/08/20 22:39:48] ThE_bEaR2 tried to escape combat!
[2022/08/21 20:13:35] robotic_ramen100 tried to escape combat!
[2022/08/22 20:54:23] Shadowninja8526 tried to escape combat!
[2022/08/23 22:30:47] robotic_ramen100 tried to escape combat!
[2022/08/23 22:33:37] ASWD234268 tried to escape combat!
[2022/08/25 21:16:21] Cyber_gaming13 tried to escape combat!
[2022/08/28 12:41:45] Remigrated tried to escape combat!
[2022/09/03 05:17:22] *Girl_gamer09223 tried to escape combat!
[2022/09/14 18:04:57] Joelie2013 tried to escape combat!
[2022/09/17 10:40:34] Joelie2013 tried to escape combat!
[2022/09/17 12:57:54] bebrox tried to escape combat!
[2022/09/18 00:51:27] thefruity tried to escape combat!
[2022/09/18 14:02:14] ThatOneGamer2022 tried to escape combat!
[2022/09/28 20:05:34] bacongrubber tried to escape combat!
[2022/10/01 02:46:12] *FunnyCake16087 tried to escape combat!
[2022/10/02 15:37:37] robotic_ramen100 tried to escape combat!
[2022/10/12 11:29:14] Acientglorbus tried to escape combat!
[2022/10/13 03:49:36] turtle_yeet tried to escape combat!
[2022/10/21 16:28:36] PhysicalLogic tried to escape combat!
[2022/10/24 19:41:55] albino_meth_head tried to escape combat!
[2022/11/25 02:00:32] excographicguy tried to escape combat!
[2022/12/11 21:24:26] Mr_Wr3cksauce tried to escape combat!
[2022/12/11 21:30:48] *ezqvii tried to escape combat!
[2022/12/13 19:57:22] ConVit tried to escape combat!
[2022/12/20 01:01:34] ASWD234268 tried to escape combat!
[2022/12/27 16:04:52] Micas2012 tried to escape combat!
[2022/12/27 16:07:10] Skate_dude123 tried to escape combat!
[2022/12/27 16:10:06] Micas2012 tried to escape combat!
[2022/12/28 19:22:29] TOF_Tus tried to escape combat!
[2022/12/29 22:34:35] excographicguy tried to escape combat!
[2023/01/15 01:38:21] *APPVV tried to escape combat!
[2023/01/15 18:32:30] *Baconyumyum3333 tried to escape combat!
[2023/01/16 21:57:56] *Baconyumyum3333 tried to escape combat!
[2023/01/17 01:10:12] MaxPitt08 tried to escape combat!
[2023/01/28 22:17:47] *MacMonster123 tried to escape combat!
[2023/01/29 23:50:51] *Baconyumyum3333 tried to escape combat!
[2023/02/01 13:45:01] ThatOneGamer2022 tried to escape combat!
[2023/02/04 04:38:11] Ominous_Nebula tried to escape combat!
[2023/02/11 19:05:11] Skate_dude123 tried to escape combat!
[2023/02/11 21:56:44] _IzzyRobyn tried to escape combat!
[2023/02/24 16:53:00] TheCrimsonArc24 tried to escape combat!
[2023/02/26 22:03:42] Oyunleydi054 tried to escape combat!
[2023/03/03 21:19:36] Oyunleydi054 tried to escape combat!
[2023/03/11 23:23:30] SonicSpeedAiden tried to escape combat!
[2023/03/14 20:12:32] *Garrett987668 tried to escape combat!
[2023/03/14 20:19:59] *Garrett987668 tried to escape combat!
[2023/03/21 10:37:57] mattis_007 tried to escape combat!
[2023/03/25 15:29:36] GroundZerQ tried to escape combat!
[2023/03/25 23:01:17] bigdingaling692 tried to escape combat!
[2023/03/25 23:01:30] xxov tried to escape combat!
[2023/03/26 00:28:43] bigdingaling692 tried to escape combat!
[2023/03/26 00:42:08] bigdingaling692 tried to escape combat!
[2023/03/26 00:42:13] xxov tried to escape combat!
[2023/03/29 20:32:10] *Purpz5589 tried to escape combat!
[2023/04/01 12:02:21] *Bundawg777 tried to escape combat!
[2023/04/04 18:13:17] Djdoge2907 tried to escape combat!
[2023/04/08 21:55:56] Dragonsongbird3 tried to escape combat!
[2023/04/09 12:31:14] ThecoolNethboy tried to escape combat!
[2023/04/09 12:34:51] ThecoolNethboy tried to escape combat!
[2023/04/09 21:23:20] Dragonsongbird3 tried to escape combat!
[2023/04/10 11:49:25] *Bundawg777 tried to escape combat!
[2023/04/10 16:27:49] Akrosher tried to escape combat!
[2023/04/10 16:27:50] *BadSorix tried to escape combat!
[2023/04/11 21:47:17] WICKEDSTIX tried to escape combat!
[2023/04/11 22:35:37] OGHMiner tried to escape combat!
[2023/04/11 23:47:25] OGHMiner tried to escape combat!
[2023/04/12 13:19:56] jojodiva26 tried to escape combat!
[2023/04/12 15:02:45] WICKEDSTIX tried to escape combat!
[2023/04/12 21:39:39] cronewell tried to escape combat!
[2023/04/13 22:28:09] OGHMiner tried to escape combat!
[2023/04/23 21:49:49] ScromDoglin tried to escape combat!
[2023/04/24 11:41:12] fuelcandyy tried to escape combat!
[2023/04/28 17:24:36] ItsCatzilla tried to escape combat!
[2023/04/29 11:55:12] Sir_Balzrsaur tried to escape combat!
[2023/04/29 12:01:39] Sir_Balzrsaur tried to escape combat!
[2023/04/30 11:50:49] WarriorDaniel tried to escape combat!
[2023/04/30 13:58:23] CyanBoi9999 tried to escape combat!
[2023/04/30 20:25:01] robotic_ramen100 tried to escape combat!
[2023/04/30 20:32:44] OGHMiner tried to escape combat!
[2023/05/03 11:18:07] WICKEDSTIX tried to escape combat!
[2023/05/03 11:18:10] fuelcandyy tried to escape combat!
[2023/05/03 14:37:59] WarriorDaniel tried to escape combat!
[2023/05/04 14:19:10] WarriorDaniel tried to escape combat!
[2023/05/04 14:33:02] WarriorDaniel tried to escape combat!
[2023/05/06 21:26:35] Dragonsongbird3 tried to escape combat!
[2023/05/07 02:34:39] *Lengendneverdi tried to escape combat!
[2023/05/07 11:25:18] WarriorDaniel tried to escape combat!
[2023/05/07 11:35:14] robotic_ramen100 tried to escape combat!
[2023/05/07 12:10:51] I_likeDog tried to escape combat!
[2023/05/14 10:23:18] ThecoolNethboy tried to escape combat!
[2023/05/14 10:23:18] *Bundawg777 tried to escape combat!
[2023/05/15 00:46:42] Dibzy_ tried to escape combat!
[2023/05/23 23:52:42] *oogrunt03 tried to escape combat!
